{"C:\\Users\\mindaugas.kapickas\\Desktop\\Projects\\nodeTests\\problemsTasks\\7ate9.js": {"path":"C:\\Users\\mindaugas.kapickas\\Desktop\\Projects\\nodeTests\\problemsTasks\\7ate9.js","statementMap":{"0":{"start":{"line":7,"column":0},"end":{"line":12,"column":1}},"1":{"start":{"line":8,"column":4},"end":{"line":8,"column":78}},"2":{"start":{"line":8,"column":36},"end":{"line":8,"column":78}},"3":{"start":{"line":10,"column":3},"end":{"line":10,"column":45}},"4":{"start":{"line":11,"column":3},"end":{"line":11,"column":18}}},"fnMap":{"0":{"name":"(anonymous_0)","decl":{"start":{"line":7,"column":29},"end":{"line":7,"column":30}},"loc":{"start":{"line":7,"column":42},"end":{"line":12,"column":1}},"line":7}},"branchMap":{"0":{"loc":{"start":{"line":8,"column":4},"end":{"line":8,"column":78}},"type":"if","locations":[{"start":{"line":8,"column":4},"end":{"line":8,"column":78}},{"start":{"line":8,"column":4},"end":{"line":8,"column":78}}],"line":8}},"s":{"0":1,"1":3,"2":1,"3":2,"4":2},"f":{"0":3},"b":{"0":[1,2]},"_coverageSchema":"1a1c01bbd47fc00a2c39e90264f33305004495a9","hash":"d39a48c73bd15a4294117bf30ec9404c1ccc28ea"}
,"C:\\Users\\mindaugas.kapickas\\Desktop\\Projects\\nodeTests\\problemsTasks\\calculatorA10.js": {"path":"C:\\Users\\mindaugas.kapickas\\Desktop\\Projects\\nodeTests\\problemsTasks\\calculatorA10.js","statementMap":{"0":{"start":{"line":12,"column":0},"end":{"line":38,"column":1}},"1":{"start":{"line":13,"column":16},"end":{"line":13,"column":17}},"2":{"start":{"line":15,"column":4},"end":{"line":18,"column":5}},"3":{"start":{"line":16,"column":8},"end":{"line":16,"column":18}},"4":{"start":{"line":17,"column":8},"end":{"line":17,"column":20}},"5":{"start":{"line":20,"column":4},"end":{"line":23,"column":5}},"6":{"start":{"line":21,"column":8},"end":{"line":21,"column":19}},"7":{"start":{"line":22,"column":8},"end":{"line":22,"column":20}},"8":{"start":{"line":25,"column":4},"end":{"line":28,"column":5}},"9":{"start":{"line":26,"column":8},"end":{"line":26,"column":19}},"10":{"start":{"line":27,"column":8},"end":{"line":27,"column":20}},"11":{"start":{"line":30,"column":4},"end":{"line":33,"column":5}},"12":{"start":{"line":31,"column":8},"end":{"line":31,"column":19}},"13":{"start":{"line":32,"column":8},"end":{"line":32,"column":20}},"14":{"start":{"line":35,"column":4},"end":{"line":37,"column":5}},"15":{"start":{"line":36,"column":8},"end":{"line":36,"column":60}}},"fnMap":{"0":{"name":"(anonymous_0)","decl":{"start":{"line":12,"column":17},"end":{"line":12,"column":18}},"loc":{"start":{"line":12,"column":29},"end":{"line":38,"column":1}},"line":12},"1":{"name":"(anonymous_1)","decl":{"start":{"line":15,"column":15},"end":{"line":15,"column":16}},"loc":{"start":{"line":15,"column":26},"end":{"line":18,"column":5}},"line":15},"2":{"name":"(anonymous_2)","decl":{"start":{"line":20,"column":20},"end":{"line":20,"column":21}},"loc":{"start":{"line":20,"column":32},"end":{"line":23,"column":5}},"line":20},"3":{"name":"(anonymous_3)","decl":{"start":{"line":25,"column":20},"end":{"line":25,"column":21}},"loc":{"start":{"line":25,"column":31},"end":{"line":28,"column":5}},"line":25},"4":{"name":"(anonymous_4)","decl":{"start":{"line":30,"column":18},"end":{"line":30,"column":19}},"loc":{"start":{"line":30,"column":29},"end":{"line":33,"column":5}},"line":30},"5":{"name":"(anonymous_5)","decl":{"start":{"line":35,"column":23},"end":{"line":35,"column":24}},"loc":{"start":{"line":35,"column":33},"end":{"line":37,"column":5}},"line":35}},"branchMap":{"0":{"loc":{"start":{"line":36,"column":15},"end":{"line":36,"column":59}},"type":"cond-expr","locations":[{"start":{"line":36,"column":30},"end":{"line":36,"column":51}},{"start":{"line":36,"column":54},"end":{"line":36,"column":59}}],"line":36}},"s":{"0":1,"1":1,"2":1,"3":6,"4":6,"5":1,"6":0,"7":0,"8":1,"9":3,"10":3,"11":1,"12":3,"13":3,"14":1,"15":3},"f":{"0":1,"1":6,"2":0,"3":3,"4":3,"5":3},"b":{"0":[1,2]},"_coverageSchema":"1a1c01bbd47fc00a2c39e90264f33305004495a9","hash":"4f738e37512d809c5904d42aa8f3f0b1a017be2b"}
,"C:\\Users\\mindaugas.kapickas\\Desktop\\Projects\\nodeTests\\problemsTasks\\calculatorB10.js": {"path":"C:\\Users\\mindaugas.kapickas\\Desktop\\Projects\\nodeTests\\problemsTasks\\calculatorB10.js","statementMap":{"0":{"start":{"line":3,"column":12},"end":{"line":3,"column":27}},"1":{"start":{"line":7,"column":12},"end":{"line":7,"column":28}},"2":{"start":{"line":8,"column":12},"end":{"line":8,"column":24}},"3":{"start":{"line":12,"column":12},"end":{"line":12,"column":28}},"4":{"start":{"line":13,"column":12},"end":{"line":13,"column":24}},"5":{"start":{"line":17,"column":12},"end":{"line":17,"column":28}},"6":{"start":{"line":18,"column":12},"end":{"line":18,"column":24}},"7":{"start":{"line":22,"column":12},"end":{"line":22,"column":28}},"8":{"start":{"line":23,"column":12},"end":{"line":23,"column":24}},"9":{"start":{"line":27,"column":12},"end":{"line":27,"column":95}},"10":{"start":{"line":31,"column":4},"end":{"line":31,"column":32}}},"fnMap":{"0":{"name":"(anonymous_0)","decl":{"start":{"line":2,"column":4},"end":{"line":2,"column":5}},"loc":{"start":{"line":2,"column":18},"end":{"line":4,"column":9}},"line":2},"1":{"name":"(anonymous_1)","decl":{"start":{"line":6,"column":8},"end":{"line":6,"column":9}},"loc":{"start":{"line":6,"column":15},"end":{"line":9,"column":9}},"line":6},"2":{"name":"(anonymous_2)","decl":{"start":{"line":11,"column":8},"end":{"line":11,"column":9}},"loc":{"start":{"line":11,"column":20},"end":{"line":14,"column":9}},"line":11},"3":{"name":"(anonymous_3)","decl":{"start":{"line":16,"column":8},"end":{"line":16,"column":9}},"loc":{"start":{"line":16,"column":18},"end":{"line":19,"column":9}},"line":16},"4":{"name":"(anonymous_4)","decl":{"start":{"line":21,"column":8},"end":{"line":21,"column":9}},"loc":{"start":{"line":21,"column":20},"end":{"line":24,"column":9}},"line":21},"5":{"name":"(anonymous_5)","decl":{"start":{"line":26,"column":8},"end":{"line":26,"column":9}},"loc":{"start":{"line":26,"column":19},"end":{"line":28,"column":9}},"line":26}},"branchMap":{"0":{"loc":{"start":{"line":27,"column":19},"end":{"line":27,"column":94}},"type":"cond-expr","locations":[{"start":{"line":27,"column":39},"end":{"line":27,"column":81}},{"start":{"line":27,"column":84},"end":{"line":27,"column":94}}],"line":27}},"s":{"0":3,"1":6,"2":6,"3":0,"4":0,"5":3,"6":3,"7":3,"8":3,"9":3,"10":1},"f":{"0":3,"1":6,"2":0,"3":3,"4":3,"5":3},"b":{"0":[1,2]},"_coverageSchema":"1a1c01bbd47fc00a2c39e90264f33305004495a9","hash":"6240652ee4f7c9fa7103fbedf23869a43771443e"}
,"C:\\Users\\mindaugas.kapickas\\Desktop\\Projects\\nodeTests\\problemsTasks\\concat11.js": {"path":"C:\\Users\\mindaugas.kapickas\\Desktop\\Projects\\nodeTests\\problemsTasks\\concat11.js","statementMap":{"0":{"start":{"line":6,"column":0},"end":{"line":11,"column":1}},"1":{"start":{"line":7,"column":4},"end":{"line":7,"column":70}},"2":{"start":{"line":7,"column":40},"end":{"line":7,"column":70}},"3":{"start":{"line":8,"column":8},"end":{"line":8,"column":121}},"4":{"start":{"line":8,"column":32},"end":{"line":8,"column":121}}},"fnMap":{"0":{"name":"(anonymous_0)","decl":{"start":{"line":6,"column":17},"end":{"line":6,"column":18}},"loc":{"start":{"line":6,"column":33},"end":{"line":11,"column":1}},"line":6},"1":{"name":"(anonymous_1)","decl":{"start":{"line":8,"column":15},"end":{"line":8,"column":16}},"loc":{"start":{"line":8,"column":32},"end":{"line":8,"column":121}},"line":8}},"branchMap":{"0":{"loc":{"start":{"line":7,"column":4},"end":{"line":7,"column":70}},"type":"if","locations":[{"start":{"line":7,"column":4},"end":{"line":7,"column":70}},{"start":{"line":7,"column":4},"end":{"line":7,"column":70}}],"line":7},"1":{"loc":{"start":{"line":8,"column":32},"end":{"line":8,"column":121}},"type":"cond-expr","locations":[{"start":{"line":8,"column":67},"end":{"line":8,"column":97}},{"start":{"line":8,"column":100},"end":{"line":8,"column":121}}],"line":8}},"s":{"0":1,"1":3,"2":0,"3":3,"4":3},"f":{"0":3,"1":3},"b":{"0":[0,3],"1":[2,1]},"_coverageSchema":"1a1c01bbd47fc00a2c39e90264f33305004495a9","hash":"cfe5209918719acaf9102fcb4e4fdb57ef264710"}
,"C:\\Users\\mindaugas.kapickas\\Desktop\\Projects\\nodeTests\\problemsTasks\\houseA3.js": {"path":"C:\\Users\\mindaugas.kapickas\\Desktop\\Projects\\nodeTests\\problemsTasks\\houseA3.js","statementMap":{"0":{"start":{"line":10,"column":13},"end":{"line":10,"column":32}},"1":{"start":{"line":12,"column":0},"end":{"line":21,"column":1}},"2":{"start":{"line":13,"column":4},"end":{"line":13,"column":74}},"3":{"start":{"line":13,"column":38},"end":{"line":13,"column":74}},"4":{"start":{"line":14,"column":16},"end":{"line":14,"column":18}},"5":{"start":{"line":15,"column":4},"end":{"line":19,"column":5}},"6":{"start":{"line":15,"column":16},"end":{"line":15,"column":17}},"7":{"start":{"line":16,"column":8},"end":{"line":18,"column":9}},"8":{"start":{"line":17,"column":10},"end":{"line":17,"column":70}},"9":{"start":{"line":20,"column":4},"end":{"line":20,"column":44}}},"fnMap":{"0":{"name":"(anonymous_0)","decl":{"start":{"line":12,"column":17},"end":{"line":12,"column":18}},"loc":{"start":{"line":12,"column":36},"end":{"line":21,"column":1}},"line":12}},"branchMap":{"0":{"loc":{"start":{"line":13,"column":4},"end":{"line":13,"column":74}},"type":"if","locations":[{"start":{"line":13,"column":4},"end":{"line":13,"column":74}},{"start":{"line":13,"column":4},"end":{"line":13,"column":74}}],"line":13},"1":{"loc":{"start":{"line":16,"column":8},"end":{"line":18,"column":9}},"type":"if","locations":[{"start":{"line":16,"column":8},"end":{"line":18,"column":9}},{"start":{"line":16,"column":8},"end":{"line":18,"column":9}}],"line":16},"2":{"loc":{"start":{"line":17,"column":18},"end":{"line":17,"column":69}},"type":"cond-expr","locations":[{"start":{"line":17,"column":49},"end":{"line":17,"column":64}},{"start":{"line":17,"column":67},"end":{"line":17,"column":69}}],"line":17},"3":{"loc":{"start":{"line":20,"column":11},"end":{"line":20,"column":44}},"type":"binary-expr","locations":[{"start":{"line":20,"column":11},"end":{"line":20,"column":16}},{"start":{"line":20,"column":20},"end":{"line":20,"column":44}}],"line":20}},"s":{"0":1,"1":1,"2":4,"3":2,"4":2,"5":2,"6":2,"7":20,"8":1,"9":2},"f":{"0":4},"b":{"0":[2,2],"1":[1,19],"2":[1,0],"3":[2,1]},"_coverageSchema":"1a1c01bbd47fc00a2c39e90264f33305004495a9","hash":"83ecd199d2259cb28d0457d31446ebaa5ebcd683"}
,"C:\\Users\\mindaugas.kapickas\\Desktop\\Projects\\nodeTests\\problemsTasks\\houseB3.js": {"path":"C:\\Users\\mindaugas.kapickas\\Desktop\\Projects\\nodeTests\\problemsTasks\\houseB3.js","statementMap":{"0":{"start":{"line":1,"column":13},"end":{"line":1,"column":32}},"1":{"start":{"line":3,"column":0},"end":{"line":9,"column":1}},"2":{"start":{"line":4,"column":4},"end":{"line":4,"column":101}},"3":{"start":{"line":4,"column":38},"end":{"line":4,"column":101}},"4":{"start":{"line":6,"column":18},"end":{"line":6,"column":79}},"5":{"start":{"line":6,"column":39},"end":{"line":6,"column":78}},"6":{"start":{"line":8,"column":4},"end":{"line":8,"column":80}}},"fnMap":{"0":{"name":"(anonymous_0)","decl":{"start":{"line":3,"column":17},"end":{"line":3,"column":18}},"loc":{"start":{"line":3,"column":32},"end":{"line":9,"column":1}},"line":3},"1":{"name":"(anonymous_1)","decl":{"start":{"line":6,"column":30},"end":{"line":6,"column":31}},"loc":{"start":{"line":6,"column":39},"end":{"line":6,"column":78}},"line":6}},"branchMap":{"0":{"loc":{"start":{"line":4,"column":4},"end":{"line":4,"column":101}},"type":"if","locations":[{"start":{"line":4,"column":4},"end":{"line":4,"column":101}},{"start":{"line":4,"column":4},"end":{"line":4,"column":101}}],"line":4},"1":{"loc":{"start":{"line":6,"column":39},"end":{"line":6,"column":78}},"type":"cond-expr","locations":[{"start":{"line":6,"column":64},"end":{"line":6,"column":73}},{"start":{"line":6,"column":76},"end":{"line":6,"column":78}}],"line":6},"2":{"loc":{"start":{"line":8,"column":11},"end":{"line":8,"column":80}},"type":"binary-expr","locations":[{"start":{"line":8,"column":11},"end":{"line":8,"column":23}},{"start":{"line":8,"column":27},"end":{"line":8,"column":80}}],"line":8}},"s":{"0":1,"1":1,"2":4,"3":2,"4":2,"5":13,"6":2},"f":{"0":4,"1":13},"b":{"0":[2,2],"1":[1,12],"2":[2,1]},"_coverageSchema":"1a1c01bbd47fc00a2c39e90264f33305004495a9","hash":"362922fcf27031068a32875b0f2941087966a055"}
,"C:\\Users\\mindaugas.kapickas\\Desktop\\Projects\\nodeTests\\problemsTasks\\houses.js": {"path":"C:\\Users\\mindaugas.kapickas\\Desktop\\Projects\\nodeTests\\problemsTasks\\houses.js","statementMap":{"0":{"start":{"line":1,"column":13},"end":{"line":12,"column":5}},"1":{"start":{"line":14,"column":4},"end":{"line":14,"column":28}}},"fnMap":{},"branchMap":{},"s":{"0":2,"1":2},"f":{},"b":{},"_coverageSchema":"1a1c01bbd47fc00a2c39e90264f33305004495a9","hash":"0d386efaf58df0224a860ff43eba0ebbdab6f676"}
,"C:\\Users\\mindaugas.kapickas\\Desktop\\Projects\\nodeTests\\problemsTasks\\logger8.js": {"path":"C:\\Users\\mindaugas.kapickas\\Desktop\\Projects\\nodeTests\\problemsTasks\\logger8.js","statementMap":{"0":{"start":{"line":9,"column":0},"end":{"line":18,"column":1}},"1":{"start":{"line":10,"column":18},"end":{"line":10,"column":19}},"2":{"start":{"line":11,"column":20},"end":{"line":14,"column":5}},"3":{"start":{"line":12,"column":8},"end":{"line":12,"column":18}},"4":{"start":{"line":13,"column":8},"end":{"line":13,"column":25}},"5":{"start":{"line":16,"column":4},"end":{"line":16,"column":65}},"6":{"start":{"line":16,"column":27},"end":{"line":16,"column":64}},"7":{"start":{"line":17,"column":4},"end":{"line":17,"column":19}}},"fnMap":{"0":{"name":"(anonymous_0)","decl":{"start":{"line":9,"column":17},"end":{"line":9,"column":18}},"loc":{"start":{"line":9,"column":37},"end":{"line":18,"column":1}},"line":9},"1":{"name":"(anonymous_1)","decl":{"start":{"line":11,"column":20},"end":{"line":11,"column":21}},"loc":{"start":{"line":11,"column":26},"end":{"line":14,"column":5}},"line":11},"2":{"name":"(anonymous_2)","decl":{"start":{"line":16,"column":21},"end":{"line":16,"column":22}},"loc":{"start":{"line":16,"column":27},"end":{"line":16,"column":64}},"line":16}},"branchMap":{},"s":{"0":1,"1":1,"2":1,"3":1,"4":1,"5":1,"6":1,"7":1},"f":{"0":1,"1":1,"2":1},"b":{},"_coverageSchema":"1a1c01bbd47fc00a2c39e90264f33305004495a9","hash":"ea30983ba325de06d263391aadbf3bd6b78f3080"}
,"C:\\Users\\mindaugas.kapickas\\Desktop\\Projects\\nodeTests\\problemsTasks\\nesting9.js": {"path":"C:\\Users\\mindaugas.kapickas\\Desktop\\Projects\\nodeTests\\problemsTasks\\nesting9.js","statementMap":{"0":{"start":{"line":6,"column":0},"end":{"line":12,"column":1}},"1":{"start":{"line":7,"column":4},"end":{"line":7,"column":61}},"2":{"start":{"line":7,"column":33},"end":{"line":7,"column":61}},"3":{"start":{"line":8,"column":27},"end":{"line":8,"column":43}},"4":{"start":{"line":9,"column":18},"end":{"line":9,"column":69}},"5":{"start":{"line":9,"column":55},"end":{"line":9,"column":64}},"6":{"start":{"line":10,"column":4},"end":{"line":10,"column":74}}},"fnMap":{"0":{"name":"(anonymous_0)","decl":{"start":{"line":6,"column":17},"end":{"line":6,"column":18}},"loc":{"start":{"line":6,"column":31},"end":{"line":12,"column":1}},"line":6},"1":{"name":"(anonymous_1)","decl":{"start":{"line":9,"column":41},"end":{"line":9,"column":42}},"loc":{"start":{"line":9,"column":55},"end":{"line":9,"column":64}},"line":9}},"branchMap":{"0":{"loc":{"start":{"line":7,"column":4},"end":{"line":7,"column":61}},"type":"if","locations":[{"start":{"line":7,"column":4},"end":{"line":7,"column":61}},{"start":{"line":7,"column":4},"end":{"line":7,"column":61}}],"line":7},"1":{"loc":{"start":{"line":10,"column":11},"end":{"line":10,"column":73}},"type":"cond-expr","locations":[{"start":{"line":10,"column":39},"end":{"line":10,"column":65}},{"start":{"line":10,"column":68},"end":{"line":10,"column":73}}],"line":10}},"s":{"0":1,"1":3,"2":1,"3":2,"4":2,"5":16,"6":2},"f":{"0":3,"1":16},"b":{"0":[1,2],"1":[1,1]},"_coverageSchema":"1a1c01bbd47fc00a2c39e90264f33305004495a9","hash":"be6b42b53fd77b60d49e2eb2fc6dcf14ef8df597"}
,"C:\\Users\\mindaugas.kapickas\\Desktop\\Projects\\nodeTests\\problemsTasks\\noDuplicates4.js": {"path":"C:\\Users\\mindaugas.kapickas\\Desktop\\Projects\\nodeTests\\problemsTasks\\noDuplicates4.js","statementMap":{"0":{"start":{"line":3,"column":21},"end":{"line":15,"column":1}},"1":{"start":{"line":4,"column":3},"end":{"line":4,"column":65}},"2":{"start":{"line":4,"column":28},"end":{"line":4,"column":65}},"3":{"start":{"line":6,"column":19},"end":{"line":6,"column":43}},"4":{"start":{"line":7,"column":4},"end":{"line":7,"column":18}},"5":{"start":{"line":17,"column":0},"end":{"line":17,"column":30}}},"fnMap":{"0":{"name":"(anonymous_0)","decl":{"start":{"line":3,"column":21},"end":{"line":3,"column":22}},"loc":{"start":{"line":3,"column":30},"end":{"line":15,"column":1}},"line":3}},"branchMap":{"0":{"loc":{"start":{"line":4,"column":3},"end":{"line":4,"column":65}},"type":"if","locations":[{"start":{"line":4,"column":3},"end":{"line":4,"column":65}},{"start":{"line":4,"column":3},"end":{"line":4,"column":65}}],"line":4}},"s":{"0":1,"1":3,"2":1,"3":2,"4":2,"5":1},"f":{"0":3},"b":{"0":[1,2]},"_coverageSchema":"1a1c01bbd47fc00a2c39e90264f33305004495a9","hash":"b6d8e0b9df6a646fb12b5ab9b5dab8b46a1558e5"}
,"C:\\Users\\mindaugas.kapickas\\Desktop\\Projects\\nodeTests\\problemsTasks\\rangeA1.js": {"path":"C:\\Users\\mindaugas.kapickas\\Desktop\\Projects\\nodeTests\\problemsTasks\\rangeA1.js","statementMap":{"0":{"start":{"line":9,"column":4},"end":{"line":11,"column":5}},"1":{"start":{"line":10,"column":8},"end":{"line":10,"column":43}},"2":{"start":{"line":12,"column":21},"end":{"line":12,"column":23}},"3":{"start":{"line":13,"column":4},"end":{"line":15,"column":5}},"4":{"start":{"line":13,"column":16},"end":{"line":13,"column":17}},"5":{"start":{"line":14,"column":8},"end":{"line":14,"column":26}},"6":{"start":{"line":16,"column":4},"end":{"line":16,"column":21}},"7":{"start":{"line":19,"column":0},"end":{"line":19,"column":24}}},"fnMap":{"0":{"name":"rangeA","decl":{"start":{"line":8,"column":9},"end":{"line":8,"column":15}},"loc":{"start":{"line":8,"column":21},"end":{"line":17,"column":1}},"line":8}},"branchMap":{"0":{"loc":{"start":{"line":9,"column":4},"end":{"line":11,"column":5}},"type":"if","locations":[{"start":{"line":9,"column":4},"end":{"line":11,"column":5}},{"start":{"line":9,"column":4},"end":{"line":11,"column":5}}],"line":9},"1":{"loc":{"start":{"line":9,"column":7},"end":{"line":9,"column":53}},"type":"binary-expr","locations":[{"start":{"line":9,"column":7},"end":{"line":9,"column":28}},{"start":{"line":9,"column":32},"end":{"line":9,"column":53}}],"line":9}},"s":{"0":2,"1":1,"2":1,"3":1,"4":1,"5":4,"6":1,"7":1},"f":{"0":2},"b":{"0":[1,1],"1":[2,2]},"_coverageSchema":"1a1c01bbd47fc00a2c39e90264f33305004495a9","hash":"d5b29e02023cad7e70b42d657088731395a6d759"}
,"C:\\Users\\mindaugas.kapickas\\Desktop\\Projects\\nodeTests\\problemsTasks\\rangeB1.js": {"path":"C:\\Users\\mindaugas.kapickas\\Desktop\\Projects\\nodeTests\\problemsTasks\\rangeB1.js","statementMap":{"0":{"start":{"line":2,"column":0},"end":{"line":11,"column":1}},"1":{"start":{"line":3,"column":4},"end":{"line":3,"column":87}},"2":{"start":{"line":3,"column":55},"end":{"line":3,"column":87}},"3":{"start":{"line":5,"column":23},"end":{"line":5,"column":25}},"4":{"start":{"line":7,"column":4},"end":{"line":9,"column":5}},"5":{"start":{"line":7,"column":16},"end":{"line":7,"column":17}},"6":{"start":{"line":8,"column":8},"end":{"line":8,"column":26}},"7":{"start":{"line":10,"column":4},"end":{"line":10,"column":22}}},"fnMap":{"0":{"name":"(anonymous_0)","decl":{"start":{"line":2,"column":17},"end":{"line":2,"column":18}},"loc":{"start":{"line":2,"column":27},"end":{"line":11,"column":1}},"line":2}},"branchMap":{"0":{"loc":{"start":{"line":3,"column":4},"end":{"line":3,"column":87}},"type":"if","locations":[{"start":{"line":3,"column":4},"end":{"line":3,"column":87}},{"start":{"line":3,"column":4},"end":{"line":3,"column":87}}],"line":3},"1":{"loc":{"start":{"line":3,"column":7},"end":{"line":3,"column":53}},"type":"binary-expr","locations":[{"start":{"line":3,"column":7},"end":{"line":3,"column":28}},{"start":{"line":3,"column":32},"end":{"line":3,"column":53}}],"line":3}},"s":{"0":1,"1":2,"2":1,"3":1,"4":1,"5":1,"6":4,"7":1},"f":{"0":2},"b":{"0":[1,1],"1":[2,2]},"_coverageSchema":"1a1c01bbd47fc00a2c39e90264f33305004495a9","hash":"344cc43f020edeb93fbc838d89cb80135a6ab026"}
,"C:\\Users\\mindaugas.kapickas\\Desktop\\Projects\\nodeTests\\problemsTasks\\sumA2.js": {"path":"C:\\Users\\mindaugas.kapickas\\Desktop\\Projects\\nodeTests\\problemsTasks\\sumA2.js","statementMap":{"0":{"start":{"line":9,"column":18},"end":{"line":9,"column":19}},"1":{"start":{"line":10,"column":4},"end":{"line":12,"column":5}},"2":{"start":{"line":11,"column":8},"end":{"line":11,"column":55}},"3":{"start":{"line":13,"column":4},"end":{"line":15,"column":5}},"4":{"start":{"line":14,"column":8},"end":{"line":14,"column":36}},"5":{"start":{"line":17,"column":4},"end":{"line":18,"column":24}},"6":{"start":{"line":18,"column":8},"end":{"line":18,"column":22}},"7":{"start":{"line":19,"column":4},"end":{"line":19,"column":19}},"8":{"start":{"line":22,"column":0},"end":{"line":22,"column":22}}},"fnMap":{"0":{"name":"sumA","decl":{"start":{"line":8,"column":9},"end":{"line":8,"column":13}},"loc":{"start":{"line":8,"column":22},"end":{"line":20,"column":1}},"line":8},"1":{"name":"(anonymous_1)","decl":{"start":{"line":17,"column":20},"end":{"line":17,"column":21}},"loc":{"start":{"line":17,"column":27},"end":{"line":18,"column":23}},"line":17}},"branchMap":{"0":{"loc":{"start":{"line":10,"column":4},"end":{"line":12,"column":5}},"type":"if","locations":[{"start":{"line":10,"column":4},"end":{"line":12,"column":5}},{"start":{"line":10,"column":4},"end":{"line":12,"column":5}}],"line":10},"1":{"loc":{"start":{"line":13,"column":4},"end":{"line":15,"column":5}},"type":"if","locations":[{"start":{"line":13,"column":4},"end":{"line":15,"column":5}},{"start":{"line":13,"column":4},"end":{"line":15,"column":5}}],"line":13}},"s":{"0":3,"1":3,"2":0,"3":3,"4":1,"5":2,"6":6,"7":2,"8":1},"f":{"0":3,"1":6},"b":{"0":[0,3],"1":[1,2]},"_coverageSchema":"1a1c01bbd47fc00a2c39e90264f33305004495a9","hash":"54c0d5adf8edfbdce986a5cfacb280fafbebf1d9"}
,"C:\\Users\\mindaugas.kapickas\\Desktop\\Projects\\nodeTests\\problemsTasks\\sumB2.js": {"path":"C:\\Users\\mindaugas.kapickas\\Desktop\\Projects\\nodeTests\\problemsTasks\\sumB2.js","statementMap":{"0":{"start":{"line":2,"column":0},"end":{"line":10,"column":1}},"1":{"start":{"line":3,"column":4},"end":{"line":5,"column":5}},"2":{"start":{"line":4,"column":8},"end":{"line":4,"column":55}},"3":{"start":{"line":6,"column":4},"end":{"line":8,"column":5}},"4":{"start":{"line":7,"column":8},"end":{"line":7,"column":36}},"5":{"start":{"line":9,"column":4},"end":{"line":9,"column":53}},"6":{"start":{"line":9,"column":40},"end":{"line":9,"column":49}}},"fnMap":{"0":{"name":"(anonymous_0)","decl":{"start":{"line":2,"column":17},"end":{"line":2,"column":18}},"loc":{"start":{"line":2,"column":29},"end":{"line":10,"column":1}},"line":2},"1":{"name":"(anonymous_1)","decl":{"start":{"line":9,"column":26},"end":{"line":9,"column":27}},"loc":{"start":{"line":9,"column":40},"end":{"line":9,"column":49}},"line":9}},"branchMap":{"0":{"loc":{"start":{"line":3,"column":4},"end":{"line":5,"column":5}},"type":"if","locations":[{"start":{"line":3,"column":4},"end":{"line":5,"column":5}},{"start":{"line":3,"column":4},"end":{"line":5,"column":5}}],"line":3},"1":{"loc":{"start":{"line":6,"column":4},"end":{"line":8,"column":5}},"type":"if","locations":[{"start":{"line":6,"column":4},"end":{"line":8,"column":5}},{"start":{"line":6,"column":4},"end":{"line":8,"column":5}}],"line":6}},"s":{"0":1,"1":3,"2":0,"3":3,"4":1,"5":2,"6":6},"f":{"0":3,"1":6},"b":{"0":[0,3],"1":[1,2]},"_coverageSchema":"1a1c01bbd47fc00a2c39e90264f33305004495a9","hash":"5036dac5b4298949312b4f086633501c342777ce"}
,"C:\\Users\\mindaugas.kapickas\\Desktop\\Projects\\nodeTests\\problemsTasks\\theSum6.js": {"path":"C:\\Users\\mindaugas.kapickas\\Desktop\\Projects\\nodeTests\\problemsTasks\\theSum6.js","statementMap":{"0":{"start":{"line":6,"column":0},"end":{"line":10,"column":1}},"1":{"start":{"line":7,"column":4},"end":{"line":7,"column":70}},"2":{"start":{"line":7,"column":31},"end":{"line":7,"column":70}},"3":{"start":{"line":7,"column":45},"end":{"line":7,"column":69}},"4":{"start":{"line":9,"column":4},"end":{"line":9,"column":76}},"5":{"start":{"line":9,"column":19},"end":{"line":9,"column":75}}},"fnMap":{"0":{"name":"(anonymous_0)","decl":{"start":{"line":6,"column":17},"end":{"line":6,"column":18}},"loc":{"start":{"line":6,"column":24},"end":{"line":10,"column":1}},"line":6},"1":{"name":"(anonymous_1)","decl":{"start":{"line":7,"column":38},"end":{"line":7,"column":39}},"loc":{"start":{"line":7,"column":45},"end":{"line":7,"column":69}},"line":7},"2":{"name":"(anonymous_2)","decl":{"start":{"line":9,"column":11},"end":{"line":9,"column":12}},"loc":{"start":{"line":9,"column":19},"end":{"line":9,"column":75}},"line":9}},"branchMap":{"0":{"loc":{"start":{"line":7,"column":4},"end":{"line":7,"column":70}},"type":"if","locations":[{"start":{"line":7,"column":4},"end":{"line":7,"column":70}},{"start":{"line":7,"column":4},"end":{"line":7,"column":70}}],"line":7},"1":{"loc":{"start":{"line":9,"column":19},"end":{"line":9,"column":75}},"type":"cond-expr","locations":[{"start":{"line":9,"column":43},"end":{"line":9,"column":67}},{"start":{"line":9,"column":70},"end":{"line":9,"column":75}}],"line":9}},"s":{"0":1,"1":4,"2":1,"3":1,"4":3,"5":3},"f":{"0":4,"1":1,"2":3},"b":{"0":[1,3],"1":[1,2]},"_coverageSchema":"1a1c01bbd47fc00a2c39e90264f33305004495a9","hash":"8cc334d4dcc04d01f7e0725d398b8062e63910ac"}
,"C:\\Users\\mindaugas.kapickas\\Desktop\\Projects\\nodeTests\\problemsTasks\\wordSearch5.js": {"path":"C:\\Users\\mindaugas.kapickas\\Desktop\\Projects\\nodeTests\\problemsTasks\\wordSearch5.js","statementMap":{"0":{"start":{"line":6,"column":0},"end":{"line":11,"column":1}},"1":{"start":{"line":7,"column":4},"end":{"line":7,"column":93}},"2":{"start":{"line":7,"column":61},"end":{"line":7,"column":93}},"3":{"start":{"line":9,"column":18},"end":{"line":9,"column":51}},"4":{"start":{"line":10,"column":4},"end":{"line":10,"column":27}}},"fnMap":{"0":{"name":"(anonymous_0)","decl":{"start":{"line":6,"column":17},"end":{"line":6,"column":18}},"loc":{"start":{"line":6,"column":33},"end":{"line":11,"column":1}},"line":6}},"branchMap":{"0":{"loc":{"start":{"line":7,"column":4},"end":{"line":7,"column":93}},"type":"if","locations":[{"start":{"line":7,"column":4},"end":{"line":7,"column":93}},{"start":{"line":7,"column":4},"end":{"line":7,"column":93}}],"line":7},"1":{"loc":{"start":{"line":7,"column":7},"end":{"line":7,"column":59}},"type":"binary-expr","locations":[{"start":{"line":7,"column":7},"end":{"line":7,"column":31}},{"start":{"line":7,"column":35},"end":{"line":7,"column":59}}],"line":7}},"s":{"0":1,"1":3,"2":1,"3":2,"4":2},"f":{"0":3},"b":{"0":[1,2],"1":[3,2]},"_coverageSchema":"1a1c01bbd47fc00a2c39e90264f33305004495a9","hash":"9d5a6d3a6bb4b37f3df3f7945beb857068424ecb"}
}
