TN:
SF:problemsTasks\rangeA1.js
FN:8,rangeA
FNF:1
FNH:1
FNDA:2,rangeA
DA:9,2
DA:10,1
DA:12,1
DA:13,1
DA:14,4
DA:16,1
DA:19,1
LF:7
LH:7
BRDA:9,0,0,1
BRDA:9,0,1,1
BRDA:9,1,0,2
BRDA:9,1,1,2
BRF:4
BRH:4
end_of_record
TN:
SF:problemsTasks\rangeB1.js
FN:2,(anonymous_0)
FNF:1
FNH:1
FNDA:2,(anonymous_0)
DA:2,1
DA:3,2
DA:5,1
DA:7,1
DA:8,4
DA:10,1
LF:6
LH:6
BRDA:3,0,0,1
BRDA:3,0,1,1
BRDA:3,1,0,2
BRDA:3,1,1,2
BRF:4
BRH:4
end_of_record
TN:
SF:problemsTasks\sumA2.js
FN:8,sumA
FN:17,(anonymous_1)
FNF:2
FNH:2
FNDA:3,sumA
FNDA:6,(anonymous_1)
DA:9,3
DA:10,3
DA:11,0
DA:13,3
DA:14,1
DA:17,2
DA:18,6
DA:19,2
DA:22,1
LF:9
LH:8
BRDA:10,0,0,0
BRDA:10,0,1,3
BRDA:13,1,0,1
BRDA:13,1,1,2
BRF:4
BRH:3
end_of_record
TN:
SF:problemsTasks\sumB2.js
FN:2,(anonymous_0)
FN:9,(anonymous_1)
FNF:2
FNH:2
FNDA:3,(anonymous_0)
FNDA:6,(anonymous_1)
DA:2,1
DA:3,3
DA:4,0
DA:6,3
DA:7,1
DA:9,6
LF:6
LH:5
BRDA:3,0,0,0
BRDA:3,0,1,3
BRDA:6,1,0,1
BRDA:6,1,1,2
BRF:4
BRH:3
end_of_record
