TN:
SF:problemsTasks\7ate9.js
FN:7,(anonymous_0)
FNF:1
FNH:1
FNDA:3,(anonymous_0)
DA:7,1
DA:8,3
DA:10,2
DA:11,2
LF:4
LH:4
BRDA:8,0,0,1
BRDA:8,0,1,2
BRF:2
BRH:2
end_of_record
TN:
SF:problemsTasks\calculatorA10.js
FN:12,(anonymous_0)
FN:15,(anonymous_1)
FN:20,(anonymous_2)
FN:25,(anonymous_3)
FN:30,(anonymous_4)
FN:35,(anonymous_5)
FNF:6
FNH:5
FNDA:1,(anonymous_0)
FNDA:6,(anonymous_1)
FNDA:0,(anonymous_2)
FNDA:3,(anonymous_3)
FNDA:3,(anonymous_4)
FNDA:3,(anonymous_5)
DA:12,1
DA:13,1
DA:15,1
DA:16,6
DA:17,6
DA:20,1
DA:21,0
DA:22,0
DA:25,1
DA:26,3
DA:27,3
DA:30,1
DA:31,3
DA:32,3
DA:35,1
DA:36,3
LF:16
LH:14
BRDA:36,0,0,1
BRDA:36,0,1,2
BRF:2
BRH:2
end_of_record
TN:
SF:problemsTasks\calculatorB10.js
FN:2,(anonymous_0)
FN:6,(anonymous_1)
FN:11,(anonymous_2)
FN:16,(anonymous_3)
FN:21,(anonymous_4)
FN:26,(anonymous_5)
FNF:6
FNH:5
FNDA:3,(anonymous_0)
FNDA:6,(anonymous_1)
FNDA:0,(anonymous_2)
FNDA:3,(anonymous_3)
FNDA:3,(anonymous_4)
FNDA:3,(anonymous_5)
DA:3,3
DA:7,6
DA:8,6
DA:12,0
DA:13,0
DA:17,3
DA:18,3
DA:22,3
DA:23,3
DA:27,3
DA:31,1
LF:11
LH:9
BRDA:27,0,0,1
BRDA:27,0,1,2
BRF:2
BRH:2
end_of_record
TN:
SF:problemsTasks\concat11.js
FN:6,(anonymous_0)
FN:8,(anonymous_1)
FNF:2
FNH:2
FNDA:3,(anonymous_0)
FNDA:3,(anonymous_1)
DA:6,1
DA:7,3
DA:8,3
LF:3
LH:3
BRDA:7,0,0,0
BRDA:7,0,1,3
BRDA:8,1,0,2
BRDA:8,1,1,1
BRF:4
BRH:3
end_of_record
TN:
SF:problemsTasks\houseA3.js
FN:12,(anonymous_0)
FNF:1
FNH:1
FNDA:4,(anonymous_0)
DA:10,1
DA:12,1
DA:13,4
DA:14,2
DA:15,2
DA:16,20
DA:17,1
DA:20,2
LF:8
LH:8
BRDA:13,0,0,2
BRDA:13,0,1,2
BRDA:16,1,0,1
BRDA:16,1,1,19
BRDA:17,2,0,1
BRDA:17,2,1,0
BRDA:20,3,0,2
BRDA:20,3,1,1
BRF:8
BRH:7
end_of_record
TN:
SF:problemsTasks\houseB3.js
FN:3,(anonymous_0)
FN:6,(anonymous_1)
FNF:2
FNH:2
FNDA:4,(anonymous_0)
FNDA:13,(anonymous_1)
DA:1,1
DA:3,1
DA:4,4
DA:6,13
DA:8,2
LF:5
LH:5
BRDA:4,0,0,2
BRDA:4,0,1,2
BRDA:6,1,0,1
BRDA:6,1,1,12
BRDA:8,2,0,2
BRDA:8,2,1,1
BRF:6
BRH:6
end_of_record
TN:
SF:problemsTasks\houses.js
FNF:0
FNH:0
DA:1,2
DA:14,2
LF:2
LH:2
BRF:0
BRH:0
end_of_record
TN:
SF:problemsTasks\logger8.js
FN:9,(anonymous_0)
FN:11,(anonymous_1)
FN:16,(anonymous_2)
FNF:3
FNH:3
FNDA:1,(anonymous_0)
FNDA:1,(anonymous_1)
FNDA:1,(anonymous_2)
DA:9,1
DA:10,1
DA:11,1
DA:12,1
DA:13,1
DA:16,1
DA:17,1
LF:7
LH:7
BRF:0
BRH:0
end_of_record
TN:
SF:problemsTasks\nesting9.js
FN:6,(anonymous_0)
FN:9,(anonymous_1)
FNF:2
FNH:2
FNDA:3,(anonymous_0)
FNDA:16,(anonymous_1)
DA:6,1
DA:7,3
DA:8,2
DA:9,16
DA:10,2
LF:5
LH:5
BRDA:7,0,0,1
BRDA:7,0,1,2
BRDA:10,1,0,1
BRDA:10,1,1,1
BRF:4
BRH:4
end_of_record
TN:
SF:problemsTasks\noDuplicates4.js
FN:3,(anonymous_0)
FNF:1
FNH:1
FNDA:3,(anonymous_0)
DA:3,1
DA:4,3
DA:6,2
DA:7,2
DA:17,1
LF:5
LH:5
BRDA:4,0,0,1
BRDA:4,0,1,2
BRF:2
BRH:2
end_of_record
TN:
SF:problemsTasks\rangeA1.js
FN:8,rangeA
FNF:1
FNH:1
FNDA:2,rangeA
DA:9,2
DA:10,1
DA:12,1
DA:13,1
DA:14,4
DA:16,1
DA:19,1
LF:7
LH:7
BRDA:9,0,0,1
BRDA:9,0,1,1
BRDA:9,1,0,2
BRDA:9,1,1,2
BRF:4
BRH:4
end_of_record
TN:
SF:problemsTasks\rangeB1.js
FN:2,(anonymous_0)
FNF:1
FNH:1
FNDA:2,(anonymous_0)
DA:2,1
DA:3,2
DA:5,1
DA:7,1
DA:8,4
DA:10,1
LF:6
LH:6
BRDA:3,0,0,1
BRDA:3,0,1,1
BRDA:3,1,0,2
BRDA:3,1,1,2
BRF:4
BRH:4
end_of_record
TN:
SF:problemsTasks\sumA2.js
FN:8,sumA
FN:17,(anonymous_1)
FNF:2
FNH:2
FNDA:3,sumA
FNDA:6,(anonymous_1)
DA:9,3
DA:10,3
DA:11,0
DA:13,3
DA:14,1
DA:17,2
DA:18,6
DA:19,2
DA:22,1
LF:9
LH:8
BRDA:10,0,0,0
BRDA:10,0,1,3
BRDA:13,1,0,1
BRDA:13,1,1,2
BRF:4
BRH:3
end_of_record
TN:
SF:problemsTasks\sumB2.js
FN:2,(anonymous_0)
FN:9,(anonymous_1)
FNF:2
FNH:2
FNDA:3,(anonymous_0)
FNDA:6,(anonymous_1)
DA:2,1
DA:3,3
DA:4,0
DA:6,3
DA:7,1
DA:9,6
LF:6
LH:5
BRDA:3,0,0,0
BRDA:3,0,1,3
BRDA:6,1,0,1
BRDA:6,1,1,2
BRF:4
BRH:3
end_of_record
TN:
SF:problemsTasks\theSum6.js
FN:6,(anonymous_0)
FN:7,(anonymous_1)
FN:9,(anonymous_2)
FNF:3
FNH:3
FNDA:4,(anonymous_0)
FNDA:1,(anonymous_1)
FNDA:3,(anonymous_2)
DA:6,1
DA:7,4
DA:9,3
LF:3
LH:3
BRDA:7,0,0,1
BRDA:7,0,1,3
BRDA:9,1,0,1
BRDA:9,1,1,2
BRF:4
BRH:4
end_of_record
TN:
SF:problemsTasks\wordSearch5.js
FN:6,(anonymous_0)
FNF:1
FNH:1
FNDA:3,(anonymous_0)
DA:6,1
DA:7,3
DA:9,2
DA:10,2
LF:4
LH:4
BRDA:7,0,0,1
BRDA:7,0,1,2
BRDA:7,1,0,3
BRDA:7,1,1,2
BRF:4
BRH:4
end_of_record
